Flow report for CPU3
Sat Aug 17 13:49:45 2024
Quartus Prime Version 18.1.0 Build 625 09/12/2018 SJ Lite Edition


---------------------
; Table of Contents ;
---------------------
  1. Legal Notice
  2. Flow Summary
  3. Flow Settings
  4. Flow Non-Default Global Settings
  5. Flow Elapsed Time
  6. Flow OS Summary
  7. Flow Log
  8. Flow Messages
  9. Flow Suppressed Messages



----------------
; Legal Notice ;
----------------
Copyright (C) 2018  Intel Corporation. All rights reserved.
Your use of Intel Corporation's design tools, logic functions 
and other software and tools, and its AMPP partner logic 
functions, and any output files from any of the foregoing 
(including device programming or simulation files), and any 
associated documentation or information are expressly subject 
to the terms and conditions of the Intel Program License 
Subscription Agreement, the Intel Quartus Prime License Agreement,
the Intel FPGA IP License Agreement, or other applicable license
agreement, including, without limitation, that your use is for
the sole purpose of programming logic devices manufactured by
Intel and sold by Intel or its authorized distributors.  Please
refer to the applicable agreement for further details.



+-------------------------------------------------------------------------------+
; Flow Summary                                                                  ;
+---------------------------------+---------------------------------------------+
; Flow Status                     ; Successful - Sat Aug 17 13:49:36 2024       ;
; Quartus Prime Version           ; 18.1.0 Build 625 09/12/2018 SJ Lite Edition ;
; Revision Name                   ; CPU3                                        ;
; Top-level Entity Name           ; CPU1_inst                                   ;
; Family                          ; Cyclone V                                   ;
; Device                          ; 5CSEMA5F31C6                                ;
; Timing Models                   ; Final                                       ;
; Logic utilization (in ALMs)     ; 1,013 / 32,070 ( 3 % )                      ;
; Total registers                 ; 1212                                        ;
; Total pins                      ; 39 / 457 ( 9 % )                            ;
; Total virtual pins              ; 0                                           ;
; Total block memory bits         ; 44,032 / 4,065,280 ( 1 % )                  ;
; Total DSP Blocks                ; 0 / 87 ( 0 % )                              ;
; Total HSSI RX PCSs              ; 0                                           ;
; Total HSSI PMA RX Deserializers ; 0                                           ;
; Total HSSI TX PCSs              ; 0                                           ;
; Total HSSI PMA TX Serializers   ; 0                                           ;
; Total PLLs                      ; 0 / 6 ( 0 % )                               ;
; Total DLLs                      ; 0 / 4 ( 0 % )                               ;
+---------------------------------+---------------------------------------------+


+-----------------------------------------+
; Flow Settings                           ;
+-------------------+---------------------+
; Option            ; Setting             ;
+-------------------+---------------------+
; Start date & time ; 08/17/2024 13:47:33 ;
; Main task         ; Compilation         ;
; Revision Name     ; CPU3                ;
+-------------------+---------------------+


+---------------------------------------------------------------------------------------------------------------------------------------------+
; Flow Non-Default Global Settings                                                                                                            ;
+-------------------------------------+--------------------------------------------------------+---------------+-------------+----------------+
; Assignment Name                     ; Value                                                  ; Default Value ; Entity Name ; Section Id     ;
+-------------------------------------+--------------------------------------------------------+---------------+-------------+----------------+
; COMPILER_SIGNATURE_ID               ; 5311875297761.172392405206008                          ; --            ; --          ; --             ;
; EDA_OUTPUT_DATA_FORMAT              ; Systemverilog Hdl                                      ; --            ; --          ; eda_simulation ;
; MAX_CORE_JUNCTION_TEMP              ; 85                                                     ; --            ; --          ; --             ;
; MIN_CORE_JUNCTION_TEMP              ; 0                                                      ; --            ; --          ; --             ;
; MISC_FILE                           ; CPU1/synthesis/../CPU1.cmp                             ; --            ; --          ; --             ;
; MISC_FILE                           ; CPU1/synthesis/../../CPU1.qsys                         ; --            ; --          ; --             ;
; PARTITION_COLOR                     ; -- (Not supported for targeted family)                 ; --            ; CPU1_inst   ; Top            ;
; PARTITION_FITTER_PRESERVATION_LEVEL ; -- (Not supported for targeted family)                 ; --            ; CPU1_inst   ; Top            ;
; PARTITION_NETLIST_TYPE              ; -- (Not supported for targeted family)                 ; --            ; CPU1_inst   ; Top            ;
; POWER_BOARD_THERMAL_MODEL           ; None (CONSERVATIVE)                                    ; --            ; --          ; --             ;
; POWER_PRESET_COOLING_SOLUTION       ; 23 MM HEAT SINK WITH 200 LFPM AIRFLOW                  ; --            ; --          ; --             ;
; PROJECT_OUTPUT_DIRECTORY            ; output_files                                           ; --            ; --          ; --             ;
; SLD_FILE                            ; CPU1/synthesis/CPU1.regmap                             ; --            ; --          ; --             ;
; SLD_FILE                            ; CPU1/synthesis/CPU1.debuginfo                          ; --            ; --          ; --             ;
; SLD_INFO                            ; QSYS_NAME CPU1 HAS_SOPCINFO 1 GENERATION_ID 1723921819 ; --            ; CPU1        ; --             ;
; SOPCINFO_FILE                       ; CPU1/synthesis/../../CPU1.sopcinfo                     ; --            ; --          ; --             ;
; SYNTHESIS_ONLY_QIP                  ; On                                                     ; --            ; --          ; --             ;
; TOP_LEVEL_ENTITY                    ; CPU1_inst                                              ; CPU3          ; --          ; --             ;
+-------------------------------------+--------------------------------------------------------+---------------+-------------+----------------+


+--------------------------------------------------------------------------------------------------------------------------+
; Flow Elapsed Time                                                                                                        ;
+----------------------+--------------+-------------------------+---------------------+------------------------------------+
; Module Name          ; Elapsed Time ; Average Processors Used ; Peak Virtual Memory ; Total CPU Time (on all processors) ;
+----------------------+--------------+-------------------------+---------------------+------------------------------------+
; Analysis & Synthesis ; 00:00:32     ; 1.0                     ; 5023 MB             ; 00:00:27                           ;
; Fitter               ; 00:01:18     ; 1.1                     ; 6838 MB             ; 00:01:18                           ;
; Assembler            ; 00:00:08     ; 1.0                     ; 4858 MB             ; 00:00:07                           ;
; Timing Analyzer      ; 00:00:08     ; 1.8                     ; 5228 MB             ; 00:00:11                           ;
; Total                ; 00:02:06     ; --                      ; --                  ; 00:02:03                           ;
+----------------------+--------------+-------------------------+---------------------+------------------------------------+


+------------------------------------------------------------------------------------+
; Flow OS Summary                                                                    ;
+----------------------+------------------+------------+------------+----------------+
; Module Name          ; Machine Hostname ; OS Name    ; OS Version ; Processor type ;
+----------------------+------------------+------------+------------+----------------+
; Analysis & Synthesis ; LAPTOP-6SFU59JI  ; Windows 10 ; 10.0       ; x86_64         ;
; Fitter               ; LAPTOP-6SFU59JI  ; Windows 10 ; 10.0       ; x86_64         ;
; Assembler            ; LAPTOP-6SFU59JI  ; Windows 10 ; 10.0       ; x86_64         ;
; Timing Analyzer      ; LAPTOP-6SFU59JI  ; Windows 10 ; 10.0       ; x86_64         ;
+----------------------+------------------+------------+------------+----------------+


------------
; Flow Log ;
------------
quartus_map --read_settings_files=on --write_settings_files=off CPU3 -c CPU3
quartus_fit --read_settings_files=off --write_settings_files=off CPU3 -c CPU3
quartus_asm --read_settings_files=off --write_settings_files=off CPU3 -c CPU3
quartus_sta CPU3 -c CPU3



